<?xml version="1.0" encoding="UTF-8"?>
<testsuite name="POSTest" tests="1" skipped="0" failures="0" errors="0" timestamp="2020-07-24T13:30:19" hostname="DESKTOP-1HSAKQ3" time="0.006">
  <properties/>
  <testcase name="should_return_integral_when_give_amount" classname="POSTest" time="0.006"/>
  <system-out><![CDATA[]]></system-out>
  <system-err><![CDATA[]]></system-err>
</testsuite>
