<?xml version="1.0" encoding="UTF-8"?>
<testsuite name="POSTest" tests="4" skipped="0" failures="0" errors="0" timestamp="2020-07-24T16:50:52" hostname="DESKTOP-1HSAKQ3" time="0.008">
  <properties/>
  <testcase name="should_return_integral_when_give_amount_and_credit_108_208_8" classname="POSTest" time="0.006"/>
  <testcase name="should_return_integral_when_give_amount_8" classname="POSTest" time="0.0"/>
  <testcase name="should_return_integral_when_give_amount_108_208_8" classname="POSTest" time="0.0"/>
  <testcase name="should_return_integral_when_give_amount_108" classname="POSTest" time="0.001"/>
  <system-out><![CDATA[]]></system-out>
  <system-err><![CDATA[]]></system-err>
</testsuite>
